Decoded OTP Response: stdClass Object
(
    [status] => Success
    [code] => 011
    [description] => Message submitted successfully
    [data] => stdClass Object
        (
            [messageid] => MjM4Mjk4ODA=
            [totnumber] => 1
            [totalcredit] => 1
        )

)

Decoded OTP Response: stdClass Object
(
    [status] => Success
    [code] => 011
    [description] => Message submitted successfully
    [data] => stdClass Object
        (
            [messageid] => MjM4NjI0MzY=
            [totnumber] => 1
            [totalcredit] => 1
        )

)

Decoded OTP Response: stdClass Object
(
    [status] => Success
    [code] => 011
    [description] => Message submitted successfully
    [data] => stdClass Object
        (
            [messageid] => MjM5NjA3MjE=
            [totnumber] => 1
            [totalcredit] => 1
        )

)

Decoded OTP Response: stdClass Object
(
    [status] => Success
    [code] => 011
    [description] => Message submitted successfully
    [data] => stdClass Object
        (
            [messageid] => MjM5Njk3MTI=
            [totnumber] => 1
            [totalcredit] => 1
        )

)

